2019-08-11 13:08:668 INFO  CustomTestNGListener:18 - About to begin executing Suite com.project.qa.api.tests.SampleTest
2019-08-11 13:08:681 INFO  CustomTestNGListener:28 - About to begin executing Test Command line test
2019-08-11 13:08:765 INFO  CustomTestNGListener:48 - The execution of the main test starts now
2019-08-11 13:08:961 INFO  CustomTestNGListener:89 - About to begin executing following method : SampleTest.createEmployee
2019-08-11 13:08:966 INFO  CustomTestNGListener:95 - Completed executing following method : SampleTest.createEmployee
2019-08-11 13:08:967 INFO  CustomTestNGListener:38 - On test success SampleTest.createEmployee()[pri:0, instance:com.project.qa.api.tests.SampleTest@7692d9cc]
2019-08-11 13:08:181 INFO  CustomTestNGListener:48 - The execution of the main test starts now
2019-08-11 13:08:188 INFO  CustomTestNGListener:89 - About to begin executing following method : SampleTest.getEmployeeDetails
2019-08-11 13:08:192 INFO  CustomTestNGListener:95 - Completed executing following method : SampleTest.getEmployeeDetails
2019-08-11 13:08:194 INFO  CustomTestNGListener:38 - On test success SampleTest.getEmployeeDetails()[pri:0, instance:com.project.qa.api.tests.SampleTest@7692d9cc]
2019-08-11 13:08:215 INFO  CustomTestNGListener:48 - The execution of the main test starts now
2019-08-11 13:08:221 INFO  CustomTestNGListener:89 - About to begin executing following method : SampleTest.getEmployees
2019-08-11 13:08:222 INFO  CustomTestNGListener:95 - Completed executing following method : SampleTest.getEmployees
2019-08-11 13:08:224 INFO  CustomTestNGListener:38 - On test success SampleTest.getEmployees()[pri:0, instance:com.project.qa.api.tests.SampleTest@7692d9cc]
2019-08-11 13:08:242 INFO  CustomTestNGListener:48 - The execution of the main test starts now
2019-08-11 13:08:248 INFO  CustomTestNGListener:89 - About to begin executing following method : SampleTest.getWeatherDetails
2019-08-11 13:08:251 INFO  APIUtility:23 - Get Url: http://restapi.demoqa.com/utilities/weather/city/Hyderabad
2019-08-11 13:08:252 INFO  APIUtility:24 - Headers: {Accept=text/html,application/xhtml+xml,application/xml;q=0.9,image/webp,image/apng,*/*;q=0.8,application/signed-exchange;v=b3}
2019-08-11 13:08:44 INFO  APIUtility:26 - Response body: {
    "City": "Hyderabad",
    "Temperature": "29.48 Degree celsius",
    "Humidity": "70 Percent",
    "WeatherDescription": "haze",
    "WindSpeed": "5.1 Km per hour",
    "WindDirectionDegree": "280 Degree"
}
2019-08-11 13:08:49 INFO  AssertionHelper:57 - assertEquals success: expected 200, actual 200
2019-08-11 13:08:817 INFO  APIUtility:95 - Value found on JSON path City is Hyderabad
2019-08-11 13:08:865 INFO  AssertionHelper:57 - assertEquals success: expected Hyderabad, actual Hyderabad
2019-08-11 13:08:866 INFO  CustomTestNGListener:95 - Completed executing following method : SampleTest.getWeatherDetails
2019-08-11 13:08:867 INFO  CustomTestNGListener:38 - On test success SampleTest.getWeatherDetails()[pri:0, instance:com.project.qa.api.tests.SampleTest@7692d9cc]
2019-08-11 13:08:984 INFO  CustomTestNGListener:33 - Completed executing test Command line test
2019-08-11 13:08:97 INFO  CustomTestNGListener:23 - About to end executing Suite com.project.qa.api.tests.SampleTest
2019-08-11 14:08:120 INFO  CustomTestNGListener:18 - About to begin executing Suite Default Suite
2019-08-11 14:08:131 INFO  CustomTestNGListener:28 - About to begin executing Test automation
2019-08-11 14:08:402 INFO  CustomTestNGListener:89 - About to begin executing following method : SampleTest.setUp
2019-08-11 14:08:526 INFO  CustomTestNGListener:95 - Completed executing following method : SampleTest.setUp
2019-08-11 14:08:535 INFO  CustomTestNGListener:48 - The execution of the main test starts now
2019-08-11 14:08:541 INFO  CustomTestNGListener:89 - About to begin executing following method : SampleTest.getEmployeeDetails
2019-08-11 14:08:838 INFO  CustomTestNGListener:95 - Completed executing following method : SampleTest.getEmployeeDetails
2019-08-11 14:08:839 ERROR CustomTestNGListener:43 - On test failure SampleTest.getEmployeeDetails()[pri:0, instance:com.project.qa.api.tests.SampleTest@5906ebcb]
2019-08-11 14:08:860 INFO  CustomTestNGListener:33 - Completed executing test automation
2019-08-11 14:08:884 INFO  CustomTestNGListener:23 - About to end executing Suite Default Suite
2019-08-11 14:08:531 INFO  CustomTestNGListener:18 - About to begin executing Suite Default Suite
2019-08-11 14:08:548 INFO  CustomTestNGListener:28 - About to begin executing Test automation
2019-08-11 14:08:866 INFO  CustomTestNGListener:89 - About to begin executing following method : SampleTest.setUp
2019-08-11 14:08:34 INFO  CustomTestNGListener:95 - Completed executing following method : SampleTest.setUp
2019-08-11 14:08:48 INFO  CustomTestNGListener:48 - The execution of the main test starts now
2019-08-11 14:08:55 INFO  CustomTestNGListener:89 - About to begin executing following method : SampleTest.getEmployeeDetails
2019-08-11 14:08:470 INFO  CustomTestNGListener:95 - Completed executing following method : SampleTest.getEmployeeDetails
2019-08-11 14:08:470 ERROR CustomTestNGListener:43 - On test failure SampleTest.getEmployeeDetails()[pri:0, instance:com.project.qa.api.tests.SampleTest@5906ebcb]
2019-08-11 14:08:489 INFO  CustomTestNGListener:33 - Completed executing test automation
2019-08-11 14:08:516 INFO  CustomTestNGListener:23 - About to end executing Suite Default Suite
2019-08-11 14:08:546 INFO  CustomTestNGListener:18 - About to begin executing Suite Default Suite
2019-08-11 14:08:555 INFO  CustomTestNGListener:28 - About to begin executing Test automation
2019-08-11 14:08:889 INFO  CustomTestNGListener:89 - About to begin executing following method : SampleTest.setUp
2019-08-11 14:08:959 INFO  CustomTestNGListener:95 - Completed executing following method : SampleTest.setUp
2019-08-11 14:08:996 WARN  CustomTestNGListener:53 - On test skipped SampleTest.getEmployeeDetails()[pri:0, instance:com.project.qa.api.tests.SampleTest@5906ebcb]
2019-08-11 14:08:14 INFO  CustomTestNGListener:89 - About to begin executing following method : SampleTest.getEmployeeDetails
2019-08-11 14:08:14 INFO  CustomTestNGListener:95 - Completed executing following method : SampleTest.getEmployeeDetails
2019-08-11 14:08:16 INFO  CustomTestNGListener:33 - Completed executing test automation
2019-08-11 14:08:93 INFO  CustomTestNGListener:23 - About to end executing Suite Default Suite
2019-08-11 14:08:956 INFO  CustomTestNGListener:18 - About to begin executing Suite Default Suite
2019-08-11 14:08:965 INFO  CustomTestNGListener:28 - About to begin executing Test automation
2019-08-11 14:08:297 INFO  CustomTestNGListener:89 - About to begin executing following method : SampleTest.setUp
2019-08-11 14:08:307 INFO  CustomTestNGListener:95 - Completed executing following method : SampleTest.setUp
2019-08-11 14:08:342 WARN  CustomTestNGListener:53 - On test skipped SampleTest.getEmployeeDetails()[pri:0, instance:com.project.qa.api.tests.SampleTest@5906ebcb]
2019-08-11 14:08:357 INFO  CustomTestNGListener:89 - About to begin executing following method : SampleTest.getEmployeeDetails
2019-08-11 14:08:358 INFO  CustomTestNGListener:95 - Completed executing following method : SampleTest.getEmployeeDetails
2019-08-11 14:08:361 INFO  CustomTestNGListener:33 - Completed executing test automation
2019-08-11 14:08:409 INFO  CustomTestNGListener:23 - About to end executing Suite Default Suite
2019-08-11 14:08:213 INFO  CustomTestNGListener:18 - About to begin executing Suite Default Suite
2019-08-11 14:08:222 INFO  CustomTestNGListener:28 - About to begin executing Test automation
2019-08-11 14:08:533 INFO  CustomTestNGListener:89 - About to begin executing following method : SampleTest.setUp
2019-08-11 14:08:603 INFO  CustomTestNGListener:95 - Completed executing following method : SampleTest.setUp
2019-08-11 14:08:637 WARN  CustomTestNGListener:53 - On test skipped SampleTest.getEmployeeDetails()[pri:0, instance:com.project.qa.api.tests.SampleTest@5906ebcb]
2019-08-11 14:08:656 INFO  CustomTestNGListener:89 - About to begin executing following method : SampleTest.getEmployeeDetails
2019-08-11 14:08:656 INFO  CustomTestNGListener:95 - Completed executing following method : SampleTest.getEmployeeDetails
2019-08-11 14:08:658 INFO  CustomTestNGListener:33 - Completed executing test automation
2019-08-11 14:08:696 INFO  CustomTestNGListener:23 - About to end executing Suite Default Suite
2019-08-11 14:08:407 INFO  CustomTestNGListener:18 - About to begin executing Suite Default Suite
2019-08-11 14:08:415 INFO  CustomTestNGListener:28 - About to begin executing Test automation
2019-08-11 14:08:726 INFO  CustomTestNGListener:89 - About to begin executing following method : SampleTest.setUp
2019-08-11 14:08:833 INFO  CustomTestNGListener:95 - Completed executing following method : SampleTest.setUp
2019-08-11 14:08:846 INFO  CustomTestNGListener:48 - The execution of the main test starts now
2019-08-11 14:08:853 INFO  CustomTestNGListener:89 - About to begin executing following method : SampleTest.getEmployeeDetails
2019-08-11 14:08:236 INFO  CustomTestNGListener:95 - Completed executing following method : SampleTest.getEmployeeDetails
2019-08-11 14:08:238 ERROR CustomTestNGListener:43 - On test failure SampleTest.getEmployeeDetails()[pri:0, instance:com.project.qa.api.tests.SampleTest@5906ebcb]
2019-08-11 14:08:284 INFO  CustomTestNGListener:33 - Completed executing test automation
2019-08-11 14:08:358 INFO  CustomTestNGListener:23 - About to end executing Suite Default Suite
2019-08-11 14:08:664 INFO  CustomTestNGListener:18 - About to begin executing Suite Default Suite
2019-08-11 14:08:673 INFO  CustomTestNGListener:28 - About to begin executing Test automation
2019-08-11 14:08:984 INFO  CustomTestNGListener:89 - About to begin executing following method : SampleTest.setUp
2019-08-11 14:08:91 INFO  CustomTestNGListener:95 - Completed executing following method : SampleTest.setUp
2019-08-11 14:08:105 INFO  CustomTestNGListener:48 - The execution of the main test starts now
2019-08-11 14:08:112 INFO  CustomTestNGListener:89 - About to begin executing following method : SampleTest.getEmployeeDetails
2019-08-11 14:08:470 INFO  CustomTestNGListener:95 - Completed executing following method : SampleTest.getEmployeeDetails
2019-08-11 14:08:472 ERROR CustomTestNGListener:43 - On test failure SampleTest.getEmployeeDetails()[pri:0, instance:com.project.qa.api.tests.SampleTest@5906ebcb]
2019-08-11 14:08:517 INFO  CustomTestNGListener:33 - Completed executing test automation
2019-08-11 14:08:586 INFO  CustomTestNGListener:23 - About to end executing Suite Default Suite
2019-08-11 14:08:650 INFO  CustomTestNGListener:18 - About to begin executing Suite Default Suite
2019-08-11 14:08:660 INFO  CustomTestNGListener:28 - About to begin executing Test automation
2019-08-11 14:08:963 INFO  CustomTestNGListener:89 - About to begin executing following method : SampleTest.setUp
2019-08-11 14:08:74 INFO  CustomTestNGListener:95 - Completed executing following method : SampleTest.setUp
2019-08-11 14:08:91 INFO  CustomTestNGListener:48 - The execution of the main test starts now
2019-08-11 14:08:98 INFO  CustomTestNGListener:89 - About to begin executing following method : SampleTest.getEmployeeDetails
2019-08-11 14:08:346 INFO  CustomTestNGListener:95 - Completed executing following method : SampleTest.getEmployeeDetails
2019-08-11 14:08:346 ERROR CustomTestNGListener:43 - On test failure SampleTest.getEmployeeDetails()[pri:0, instance:com.project.qa.api.tests.SampleTest@7920ba90]
2019-08-11 14:08:362 INFO  CustomTestNGListener:33 - Completed executing test automation
2019-08-11 14:08:394 INFO  CustomTestNGListener:23 - About to end executing Suite Default Suite
2019-08-11 14:08:101 INFO  CustomTestNGListener:18 - About to begin executing Suite Default Suite
2019-08-11 14:08:113 INFO  CustomTestNGListener:28 - About to begin executing Test automation
2019-08-11 14:08:434 INFO  CustomTestNGListener:89 - About to begin executing following method : SampleTest.setUp
2019-08-11 14:08:552 INFO  CustomTestNGListener:95 - Completed executing following method : SampleTest.setUp
2019-08-11 14:08:564 INFO  CustomTestNGListener:48 - The execution of the main test starts now
2019-08-11 14:08:571 INFO  CustomTestNGListener:89 - About to begin executing following method : SampleTest.getEmployeeDetails
2019-08-11 14:08:817 INFO  APIUtility:23 - Get Url: http://restapi.demoqa.com/utilities/weather/city/Hyderabad
2019-08-11 14:08:817 INFO  APIUtility:24 - Headers: {Accept=text/html,application/xhtml+xml,application/xml;q=0.9,image/webp,image/apng,*/*;q=0.8,application/signed-exchange;v=b3}
2019-08-11 14:08:600 INFO  APIUtility:26 - Response body: {
    "City": "Hyderabad",
    "Temperature": "30.32 Degree celsius",
    "Humidity": "70 Percent",
    "WeatherDescription": "haze",
    "WindSpeed": "4.6 Km per hour",
    "WindDirectionDegree": "300 Degree"
}
2019-08-11 14:08:603 INFO  AssertionHelper:57 - assertEquals success: expected 200, actual 200
2019-08-11 14:08:603 INFO  APIUtility:58 - Expected: City = Hyderabad
2019-08-11 14:08:82 INFO  APIUtility:60 - Actual: City = Hyderabad
2019-08-11 14:08:82 INFO  AssertionHelper:24 - assertTrue success for condition true
2019-08-11 14:08:83 INFO  CustomTestNGListener:95 - Completed executing following method : SampleTest.getEmployeeDetails
2019-08-11 14:08:83 INFO  CustomTestNGListener:38 - On test success SampleTest.getEmployeeDetails()[pri:0, instance:com.project.qa.api.tests.SampleTest@5906ebcb]
2019-08-11 14:08:94 INFO  CustomTestNGListener:33 - Completed executing test automation
2019-08-11 14:08:121 INFO  CustomTestNGListener:23 - About to end executing Suite Default Suite
2019-08-11 14:08:747 INFO  CustomTestNGListener:18 - About to begin executing Suite Default Suite
2019-08-11 14:08:758 INFO  CustomTestNGListener:28 - About to begin executing Test automation
2019-08-11 14:08:68 INFO  CustomTestNGListener:89 - About to begin executing following method : SampleTest.setUp
2019-08-11 14:08:186 INFO  CustomTestNGListener:95 - Completed executing following method : SampleTest.setUp
2019-08-11 14:08:198 INFO  CustomTestNGListener:48 - The execution of the main test starts now
2019-08-11 14:08:205 INFO  CustomTestNGListener:89 - About to begin executing following method : SampleTest.getEmployeeDetails
2019-08-11 14:08:443 INFO  APIUtility:23 - Get Url: http://restapi.demoqa.com/utilities/weather/city/Hyderabad
2019-08-11 14:08:443 INFO  APIUtility:24 - Headers: {Accept=text/html,application/xhtml+xml,application/xml;q=0.9,image/webp,image/apng,*/*;q=0.8,application/signed-exchange;v=b3}
2019-08-11 14:08:02 INFO  APIUtility:26 - Response body: {
    "City": "Hyderabad",
    "Temperature": "30.32 Degree celsius",
    "Humidity": "70 Percent",
    "WeatherDescription": "haze",
    "WindSpeed": "4.6 Km per hour",
    "WindDirectionDegree": "300 Degree"
}
2019-08-11 14:08:05 INFO  AssertionHelper:57 - assertEquals success: expected 200, actual 200
2019-08-11 14:08:05 INFO  APIUtility:58 - Expected: City = Hyderabada
2019-08-11 14:08:468 INFO  APIUtility:60 - Actual: City = Hyderabad
2019-08-11 14:08:468 ERROR APIUtility:83 - Expected value: Hyderabada
Actual value:Hyderabad
2019-08-11 14:08:469 ERROR AssertionHelper:26 - assertTrue failure for condition false with message response assertions check failure
2019-08-11 14:08:470 INFO  CustomTestNGListener:95 - Completed executing following method : SampleTest.getEmployeeDetails
2019-08-11 14:08:471 ERROR CustomTestNGListener:43 - On test failure SampleTest.getEmployeeDetails()[pri:0, instance:com.project.qa.api.tests.SampleTest@5906ebcb]
2019-08-11 14:08:490 INFO  CustomTestNGListener:33 - Completed executing test automation
2019-08-11 14:08:524 INFO  CustomTestNGListener:23 - About to end executing Suite Default Suite
2019-08-11 15:08:499 INFO  CustomTestNGListener:18 - About to begin executing Suite Default Suite
2019-08-11 15:08:508 INFO  CustomTestNGListener:28 - About to begin executing Test automation
2019-08-11 15:08:885 INFO  CustomTestNGListener:89 - About to begin executing following method : SampleTest.setUp
2019-08-11 15:08:01 INFO  CustomTestNGListener:95 - Completed executing following method : SampleTest.setUp
2019-08-11 15:08:10 INFO  CustomTestNGListener:48 - The execution of the main test starts now
2019-08-11 15:08:15 INFO  CustomTestNGListener:89 - About to begin executing following method : SampleTest.getEmployeeDetails
2019-08-11 15:08:16 INFO  CustomTestNGListener:95 - Completed executing following method : SampleTest.getEmployeeDetails
2019-08-11 15:08:16 INFO  CustomTestNGListener:38 - On test success SampleTest.getEmployeeDetails()[pri:0, instance:com.project.qa.api.tests.SampleTest@5906ebcb]
2019-08-11 15:08:24 INFO  CustomTestNGListener:33 - Completed executing test automation
2019-08-11 15:08:47 INFO  CustomTestNGListener:23 - About to end executing Suite Default Suite
2019-08-11 15:08:985 INFO  CustomTestNGListener:18 - About to begin executing Suite Default Suite
2019-08-11 15:08:995 INFO  CustomTestNGListener:28 - About to begin executing Test automation
2019-08-11 15:08:381 INFO  CustomTestNGListener:89 - About to begin executing following method : SampleTest.setUp
2019-08-11 15:08:528 INFO  CustomTestNGListener:95 - Completed executing following method : SampleTest.setUp
2019-08-11 15:08:542 INFO  CustomTestNGListener:48 - The execution of the main test starts now
2019-08-11 15:08:549 INFO  CustomTestNGListener:89 - About to begin executing following method : SampleTest.getEmployeeDetails
2019-08-11 15:08:738 INFO  APIUtility:23 - Get Url: http://dummy.restapiexample.com/api/v1/employee/16555
2019-08-11 15:08:739 INFO  APIUtility:24 - Headers: {Accept=text/html,application/xhtml+xml,application/xml;q=0.9,image/webp,image/apng,*/*;q=0.8,application/signed-exchange;v=b3}
2019-08-11 15:08:640 INFO  APIUtility:26 - Response body: {"id":"16555","employee_name":"pranith1234","employee_salary":"0","employee_age":"0","profile_image":""}
2019-08-11 15:08:644 INFO  AssertionHelper:57 - assertEquals success: expected 200, actual 200
2019-08-11 15:08:645 INFO  APIUtility:58 - Expected: id = 16555
2019-08-11 15:08:27 INFO  APIUtility:60 - Actual: id = 16555
2019-08-11 15:08:27 ERROR APIUtility:83 - Expected value: 16555
Actual value:16555
2019-08-11 15:08:27 ERROR AssertionHelper:26 - assertTrue failure for condition false with message response assertions check failure
2019-08-11 15:08:28 INFO  CustomTestNGListener:95 - Completed executing following method : SampleTest.getEmployeeDetails
2019-08-11 15:08:29 ERROR CustomTestNGListener:43 - On test failure SampleTest.getEmployeeDetails()[pri:0, instance:com.project.qa.api.tests.SampleTest@5906ebcb]
2019-08-11 15:08:45 INFO  CustomTestNGListener:33 - Completed executing test automation
2019-08-11 15:08:71 INFO  CustomTestNGListener:23 - About to end executing Suite Default Suite
2019-08-11 15:08:588 INFO  CustomTestNGListener:18 - About to begin executing Suite Default Suite
2019-08-11 15:08:596 INFO  CustomTestNGListener:28 - About to begin executing Test automation
2019-08-11 15:08:888 INFO  CustomTestNGListener:89 - About to begin executing following method : SampleTest.setUp
2019-08-11 15:08:993 INFO  CustomTestNGListener:95 - Completed executing following method : SampleTest.setUp
2019-08-11 15:08:05 INFO  CustomTestNGListener:48 - The execution of the main test starts now
2019-08-11 15:08:11 INFO  CustomTestNGListener:89 - About to begin executing following method : SampleTest.getEmployeeDetails
2019-08-11 15:08:222 INFO  APIUtility:23 - Get Url: http://dummy.restapiexample.com/api/v1/employee/16555
2019-08-11 15:08:223 INFO  APIUtility:24 - Headers: {Accept=text/html,application/xhtml+xml,application/xml;q=0.9,image/webp,image/apng,*/*;q=0.8,application/signed-exchange;v=b3}
2019-08-11 15:08:55 INFO  APIUtility:26 - Response body: {"id":"16555","employee_name":"pranith1234","employee_salary":"0","employee_age":"0","profile_image":""}
2019-08-11 15:08:61 INFO  AssertionHelper:57 - assertEquals success: expected 200, actual 200
2019-08-11 15:08:61 INFO  APIUtility:58 - Expected: id = 16555
2019-08-11 15:08:513 INFO  APIUtility:60 - Actual: id = 16555
2019-08-11 15:08:513 INFO  APIUtility:58 - Expected: employee_name = pranith1234
2019-08-11 15:08:526 INFO  APIUtility:60 - Actual: employee_name = pranith1234
2019-08-11 15:08:526 INFO  APIUtility:58 - Expected: employee_salary = 0
2019-08-11 15:08:536 INFO  APIUtility:60 - Actual: employee_salary = 0
2019-08-11 15:08:537 INFO  APIUtility:58 - Expected: employee_age = 0
2019-08-11 15:08:548 INFO  APIUtility:60 - Actual: employee_age = 0
2019-08-11 15:08:548 INFO  APIUtility:58 - Expected: profile_image = null
2019-08-11 15:08:558 INFO  APIUtility:60 - Actual: profile_image = 
2019-08-11 15:08:558 ERROR APIUtility:87 - Expected value: null
Actual value:
2019-08-11 15:08:559 ERROR AssertionHelper:26 - assertTrue failure for condition false with message response assertions check failure
2019-08-11 15:08:561 INFO  CustomTestNGListener:95 - Completed executing following method : SampleTest.getEmployeeDetails
2019-08-11 15:08:561 ERROR CustomTestNGListener:43 - On test failure SampleTest.getEmployeeDetails()[pri:0, instance:com.project.qa.api.tests.SampleTest@5906ebcb]
2019-08-11 15:08:579 INFO  CustomTestNGListener:33 - Completed executing test automation
2019-08-11 15:08:606 INFO  CustomTestNGListener:23 - About to end executing Suite Default Suite
2019-08-11 15:08:463 INFO  CustomTestNGListener:18 - About to begin executing Suite Default Suite
2019-08-11 15:08:471 INFO  CustomTestNGListener:28 - About to begin executing Test automation
2019-08-11 15:08:739 INFO  CustomTestNGListener:89 - About to begin executing following method : SampleTest.setUp
2019-08-11 15:08:838 INFO  CustomTestNGListener:95 - Completed executing following method : SampleTest.setUp
2019-08-11 15:08:849 INFO  CustomTestNGListener:48 - The execution of the main test starts now
2019-08-11 15:08:856 INFO  CustomTestNGListener:89 - About to begin executing following method : SampleTest.getEmployeeDetails
2019-08-11 15:08:88 INFO  APIUtility:23 - Get Url: http://dummy.restapiexample.com/api/v1/employee/16555
2019-08-11 15:08:89 INFO  APIUtility:24 - Headers: {Accept=text/html,application/xhtml+xml,application/xml;q=0.9,image/webp,image/apng,*/*;q=0.8,application/signed-exchange;v=b3}
2019-08-11 15:08:932 INFO  APIUtility:26 - Response body: {"id":"16555","employee_name":"pranith1234","employee_salary":"0","employee_age":"0","profile_image":""}
2019-08-11 15:08:935 INFO  AssertionHelper:57 - assertEquals success: expected 200, actual 200
2019-08-11 15:08:935 INFO  APIUtility:58 - Expected: id = 16555
2019-08-11 15:08:345 INFO  APIUtility:60 - Actual: id = 16555
2019-08-11 15:08:345 INFO  APIUtility:58 - Expected: employee_name = pranith1234
2019-08-11 15:08:356 INFO  APIUtility:60 - Actual: employee_name = pranith1234
2019-08-11 15:08:357 INFO  APIUtility:58 - Expected: employee_salary = 0
2019-08-11 15:08:368 INFO  APIUtility:60 - Actual: employee_salary = 0
2019-08-11 15:08:370 INFO  APIUtility:58 - Expected: employee_age = 0
2019-08-11 15:08:386 INFO  APIUtility:60 - Actual: employee_age = 0
2019-08-11 15:08:386 INFO  APIUtility:58 - Expected: profile_image = null
2019-08-11 15:08:399 INFO  APIUtility:60 - Actual: profile_image = 
2019-08-11 15:08:400 ERROR APIUtility:87 - Expected value: null
Actual value:
2019-08-11 15:08:401 ERROR AssertionHelper:26 - assertTrue failure for condition false with message response assertions check failure
2019-08-11 15:08:403 INFO  CustomTestNGListener:95 - Completed executing following method : SampleTest.getEmployeeDetails
2019-08-11 15:08:404 ERROR CustomTestNGListener:43 - On test failure SampleTest.getEmployeeDetails()[pri:0, instance:com.project.qa.api.tests.SampleTest@5906ebcb]
2019-08-11 15:08:420 INFO  CustomTestNGListener:33 - Completed executing test automation
2019-08-11 15:08:444 INFO  CustomTestNGListener:23 - About to end executing Suite Default Suite
2019-08-11 15:08:189 INFO  CustomTestNGListener:18 - About to begin executing Suite Default Suite
2019-08-11 15:08:205 INFO  CustomTestNGListener:28 - About to begin executing Test automation
2019-08-11 15:08:490 INFO  CustomTestNGListener:89 - About to begin executing following method : SampleTest.setUp
2019-08-11 15:08:614 INFO  CustomTestNGListener:95 - Completed executing following method : SampleTest.setUp
2019-08-11 15:08:627 INFO  CustomTestNGListener:48 - The execution of the main test starts now
2019-08-11 15:08:635 INFO  CustomTestNGListener:89 - About to begin executing following method : SampleTest.getEmployeeDetails
2019-08-11 15:08:849 INFO  APIUtility:23 - Get Url: http://dummy.restapiexample.com/api/v1/employee/16555
2019-08-11 15:08:849 INFO  APIUtility:24 - Headers: {Accept=text/html,application/xhtml+xml,application/xml;q=0.9,image/webp,image/apng,*/*;q=0.8,application/signed-exchange;v=b3}
2019-08-11 15:08:796 INFO  APIUtility:26 - Response body: {"id":"16555","employee_name":"pranith1234","employee_salary":"0","employee_age":"0","profile_image":""}
2019-08-11 15:08:798 INFO  AssertionHelper:57 - assertEquals success: expected 200, actual 200
2019-08-11 15:08:799 INFO  APIUtility:58 - Expected: id = 16555
2019-08-11 15:08:213 INFO  APIUtility:60 - Actual: id = 16555
2019-08-11 15:08:214 INFO  APIUtility:58 - Expected: employee_name = pranith1234
2019-08-11 15:08:230 INFO  APIUtility:60 - Actual: employee_name = pranith1234
2019-08-11 15:08:231 INFO  APIUtility:58 - Expected: employee_salary = 0
2019-08-11 15:08:244 INFO  APIUtility:60 - Actual: employee_salary = 0
2019-08-11 15:08:245 INFO  APIUtility:58 - Expected: employee_age = 0
2019-08-11 15:08:261 INFO  APIUtility:60 - Actual: employee_age = 0
2019-08-11 15:08:261 INFO  APIUtility:58 - Expected: profile_image = null
2019-08-11 15:08:276 INFO  APIUtility:60 - Actual: profile_image = 
2019-08-11 15:08:276 ERROR APIUtility:87 - Expected value: null
Actual value:
2019-08-11 15:08:276 ERROR AssertionHelper:26 - assertTrue failure for condition false with message response assertions check failure
2019-08-11 15:08:278 INFO  CustomTestNGListener:95 - Completed executing following method : SampleTest.getEmployeeDetails
2019-08-11 15:08:278 ERROR CustomTestNGListener:43 - On test failure SampleTest.getEmployeeDetails()[pri:0, instance:com.project.qa.api.tests.SampleTest@5906ebcb]
2019-08-11 15:08:295 INFO  CustomTestNGListener:33 - Completed executing test automation
2019-08-11 15:08:322 INFO  CustomTestNGListener:23 - About to end executing Suite Default Suite
2019-08-11 15:08:807 INFO  CustomTestNGListener:18 - About to begin executing Suite Default Suite
2019-08-11 15:08:817 INFO  CustomTestNGListener:28 - About to begin executing Test automation
2019-08-11 15:08:112 INFO  CustomTestNGListener:89 - About to begin executing following method : SampleTest.setUp
2019-08-11 15:08:235 INFO  CustomTestNGListener:95 - Completed executing following method : SampleTest.setUp
2019-08-11 15:08:245 INFO  CustomTestNGListener:48 - The execution of the main test starts now
2019-08-11 15:08:251 INFO  CustomTestNGListener:89 - About to begin executing following method : SampleTest.getEmployeeDetails
2019-08-11 15:08:452 INFO  APIUtility:23 - Get Url: http://dummy.restapiexample.com/api/v1/employee/16555
2019-08-11 15:08:453 INFO  APIUtility:24 - Headers: {Accept=text/html,application/xhtml+xml,application/xml;q=0.9,image/webp,image/apng,*/*;q=0.8,application/signed-exchange;v=b3}
2019-08-11 15:08:365 INFO  APIUtility:26 - Response body: {"id":"16555","employee_name":"pranith1234","employee_salary":"0","employee_age":"0","profile_image":""}
2019-08-11 15:08:368 INFO  AssertionHelper:57 - assertEquals success: expected 200, actual 200
2019-08-11 15:08:369 INFO  APIUtility:58 - Expected: id = 16555
2019-08-11 15:08:758 INFO  APIUtility:60 - Actual: id = 16555
2019-08-11 15:08:758 INFO  APIUtility:58 - Expected: employee_name = pranith1234
2019-08-11 15:08:771 INFO  APIUtility:60 - Actual: employee_name = pranith1234
2019-08-11 15:08:771 INFO  APIUtility:58 - Expected: employee_salary = 0
2019-08-11 15:08:781 INFO  APIUtility:60 - Actual: employee_salary = 0
2019-08-11 15:08:782 INFO  APIUtility:58 - Expected: employee_age = 0
2019-08-11 15:08:793 INFO  APIUtility:60 - Actual: employee_age = 0
2019-08-11 15:08:793 INFO  APIUtility:58 - Expected: profile_image = null
2019-08-11 15:08:802 INFO  APIUtility:60 - Actual: profile_image = 
2019-08-11 15:08:803 ERROR APIUtility:88 - Expected value: null Actual value:
2019-08-11 15:08:803 ERROR AssertionHelper:26 - assertTrue failure for condition false with message response assertions check failure
2019-08-11 15:08:804 INFO  CustomTestNGListener:95 - Completed executing following method : SampleTest.getEmployeeDetails
2019-08-11 15:08:805 ERROR CustomTestNGListener:43 - On test failure SampleTest.getEmployeeDetails()[pri:0, instance:com.project.qa.api.tests.SampleTest@5906ebcb]
2019-08-11 15:08:822 INFO  CustomTestNGListener:33 - Completed executing test automation
2019-08-11 15:08:848 INFO  CustomTestNGListener:23 - About to end executing Suite Default Suite
2019-08-11 15:08:134 INFO  CustomTestNGListener:18 - About to begin executing Suite Default Suite
2019-08-11 15:08:144 INFO  CustomTestNGListener:28 - About to begin executing Test automation
2019-08-11 15:08:427 INFO  CustomTestNGListener:89 - About to begin executing following method : SampleTest.setUp
2019-08-11 15:08:535 INFO  CustomTestNGListener:95 - Completed executing following method : SampleTest.setUp
2019-08-11 15:08:546 INFO  CustomTestNGListener:48 - The execution of the main test starts now
2019-08-11 15:08:551 INFO  CustomTestNGListener:89 - About to begin executing following method : SampleTest.getEmployeeDetails
2019-08-11 15:08:771 INFO  APIUtility:23 - Get Url: http://dummy.restapiexample.com/api/v1/employee/16555
2019-08-11 15:08:772 INFO  APIUtility:24 - Headers: {Accept=text/html,application/xhtml+xml,application/xml;q=0.9,image/webp,image/apng,*/*;q=0.8,application/signed-exchange;v=b3}
2019-08-11 15:08:292 INFO  APIUtility:26 - Response body: {"id":"16555","employee_name":"pranith1234","employee_salary":"0","employee_age":"0","profile_image":""}
2019-08-11 15:08:294 INFO  AssertionHelper:57 - assertEquals success: expected 200, actual 200
2019-08-11 15:08:294 INFO  APIUtility:58 - Expected: id = 16555
2019-08-11 15:08:707 INFO  APIUtility:60 - Actual: id = 16555
2019-08-11 15:08:708 INFO  APIUtility:58 - Expected: employee_name = pranith1234
2019-08-11 15:08:730 INFO  APIUtility:60 - Actual: employee_name = pranith1234
2019-08-11 15:08:730 INFO  APIUtility:58 - Expected: employee_salary = 0
2019-08-11 15:08:750 INFO  APIUtility:60 - Actual: employee_salary = 0
2019-08-11 15:08:751 INFO  APIUtility:58 - Expected: employee_age = 0
2019-08-11 15:08:776 INFO  APIUtility:60 - Actual: employee_age = 0
2019-08-11 15:08:776 INFO  APIUtility:58 - Expected: profile_image = null
2019-08-11 15:08:787 INFO  APIUtility:60 - Actual: profile_image = null
2019-08-11 15:08:788 INFO  AssertionHelper:24 - assertTrue success for condition true
2019-08-11 15:08:789 INFO  CustomTestNGListener:95 - Completed executing following method : SampleTest.getEmployeeDetails
2019-08-11 15:08:789 INFO  CustomTestNGListener:38 - On test success SampleTest.getEmployeeDetails()[pri:0, instance:com.project.qa.api.tests.SampleTest@5906ebcb]
2019-08-11 15:08:801 INFO  CustomTestNGListener:33 - Completed executing test automation
2019-08-11 15:08:823 INFO  CustomTestNGListener:23 - About to end executing Suite Default Suite
2019-08-11 15:08:779 INFO  CustomTestNGListener:18 - About to begin executing Suite Default Suite
2019-08-11 15:08:788 INFO  CustomTestNGListener:28 - About to begin executing Test automation
2019-08-11 15:08:62 INFO  CustomTestNGListener:89 - About to begin executing following method : SampleTest.setUp
2019-08-11 15:08:180 INFO  CustomTestNGListener:95 - Completed executing following method : SampleTest.setUp
2019-08-11 15:08:191 INFO  CustomTestNGListener:48 - The execution of the main test starts now
2019-08-11 15:08:198 INFO  CustomTestNGListener:89 - About to begin executing following method : SampleTest.getEmployeeDetails
2019-08-11 15:08:419 INFO  APIUtility:23 - Get Url: http://dummy.restapiexample.com/api/v1/employee/16555
2019-08-11 15:08:419 INFO  APIUtility:24 - Headers: {Accept=text/html,application/xhtml+xml,application/xml;q=0.9,image/webp,image/apng,*/*;q=0.8,application/signed-exchange;v=b3}
2019-08-11 15:08:502 INFO  APIUtility:26 - Response body: {"id":"16555","employee_name":"pranith1234","employee_salary":"0","employee_age":"0","profile_image":""}
2019-08-11 15:08:504 INFO  AssertionHelper:57 - assertEquals success: expected 200, actual 200
2019-08-11 15:08:505 INFO  APIUtility:58 - Expected: id = 16555
2019-08-11 15:08:929 INFO  APIUtility:60 - Actual: id = 16555
2019-08-11 15:08:929 INFO  APIUtility:58 - Expected: employee_name = pranith1234
2019-08-11 15:08:953 INFO  APIUtility:60 - Actual: employee_name = pranith1234
2019-08-11 15:08:954 INFO  APIUtility:58 - Expected: employee_salary = 0
2019-08-11 15:08:979 INFO  APIUtility:60 - Actual: employee_salary = 0
2019-08-11 15:08:979 INFO  APIUtility:58 - Expected: employee_age = 0
2019-08-11 15:08:998 INFO  APIUtility:60 - Actual: employee_age = 0
2019-08-11 15:08:998 INFO  APIUtility:58 - Expected: profile_image = null
2019-08-11 15:08:08 INFO  APIUtility:60 - Actual: profile_image = null
2019-08-11 15:08:08 INFO  AssertionHelper:24 - assertTrue success for condition true
2019-08-11 15:08:08 INFO  CustomTestNGListener:95 - Completed executing following method : SampleTest.getEmployeeDetails
2019-08-11 15:08:09 INFO  CustomTestNGListener:38 - On test success SampleTest.getEmployeeDetails()[pri:0, instance:com.project.qa.api.tests.SampleTest@5906ebcb]
2019-08-11 15:08:19 INFO  CustomTestNGListener:33 - Completed executing test automation
2019-08-11 15:08:46 INFO  CustomTestNGListener:23 - About to end executing Suite Default Suite
2019-08-11 15:08:265 INFO  CustomTestNGListener:18 - About to begin executing Suite Default Suite
2019-08-11 15:08:273 INFO  CustomTestNGListener:28 - About to begin executing Test automation
2019-08-11 15:08:638 INFO  CustomTestNGListener:89 - About to begin executing following method : SampleTest.setUp
2019-08-11 15:08:744 INFO  CustomTestNGListener:95 - Completed executing following method : SampleTest.setUp
2019-08-11 15:08:756 INFO  CustomTestNGListener:48 - The execution of the main test starts now
2019-08-11 15:08:763 INFO  CustomTestNGListener:89 - About to begin executing following method : SampleTest.createEmployee
2019-08-11 15:08:993 INFO  APIUtility:23 - Get Url: http://dummy.restapiexample.com/api/v1/create
2019-08-11 15:08:993 INFO  APIUtility:24 - Headers: {Accept=text/html,application/xhtml+xml,application/xml;q=0.9,image/webp,image/apng,*/*;q=0.8,application/signed-exchange;v=b3}
2019-08-11 15:08:688 INFO  APIUtility:26 - Response body: <html>
    <head>
        <title>Method not allowed</title>
        <style>
            body{
                margin:0;
                padding:30px;
                font:12px/1.5 Helvetica,Arial,Verdana,sans-serif;
            }
            h1{
                margin:0;
                font-size:48px;
                font-weight:normal;
                line-height:48px;
            }
        </style>
    </head>
    <body>
        <h1>Method not allowed</h1>
        <p>Method not allowed. Must be one of: <strong>POST</strong></p>
    </body>
</html>
2019-08-11 15:08:692 ERROR AssertionHelper:59 - assertEquals failure: expected 200, actual 405, message status code mismatch
2019-08-11 15:08:692 INFO  APIUtility:58 - Expected: name = test
2019-08-11 15:08:795 INFO  CustomTestNGListener:95 - Completed executing following method : SampleTest.createEmployee
2019-08-11 15:08:796 ERROR CustomTestNGListener:43 - On test failure SampleTest.createEmployee()[pri:0, instance:com.project.qa.api.tests.SampleTest@5906ebcb]
2019-08-11 15:08:812 INFO  CustomTestNGListener:33 - Completed executing test automation
2019-08-11 15:08:852 INFO  CustomTestNGListener:23 - About to end executing Suite Default Suite
2019-08-11 15:08:771 INFO  CustomTestNGListener:18 - About to begin executing Suite Default Suite
2019-08-11 15:08:784 INFO  CustomTestNGListener:28 - About to begin executing Test automation
2019-08-11 15:08:98 INFO  CustomTestNGListener:89 - About to begin executing following method : SampleTest.setUp
2019-08-11 15:08:225 INFO  CustomTestNGListener:95 - Completed executing following method : SampleTest.setUp
2019-08-11 15:08:237 INFO  CustomTestNGListener:48 - The execution of the main test starts now
2019-08-11 15:08:245 INFO  CustomTestNGListener:89 - About to begin executing following method : SampleTest.createEmployee
2019-08-11 15:08:457 INFO  CustomTestNGListener:95 - Completed executing following method : SampleTest.createEmployee
2019-08-11 15:08:458 ERROR CustomTestNGListener:43 - On test failure SampleTest.createEmployee()[pri:0, instance:com.project.qa.api.tests.SampleTest@5906ebcb]
2019-08-11 15:08:472 INFO  CustomTestNGListener:33 - Completed executing test automation
2019-08-11 15:08:496 INFO  CustomTestNGListener:23 - About to end executing Suite Default Suite
2019-08-11 15:08:221 INFO  CustomTestNGListener:18 - About to begin executing Suite Default Suite
2019-08-11 15:08:230 INFO  CustomTestNGListener:28 - About to begin executing Test automation
2019-08-11 15:08:511 INFO  CustomTestNGListener:89 - About to begin executing following method : SampleTest.setUp
2019-08-11 15:08:621 INFO  CustomTestNGListener:95 - Completed executing following method : SampleTest.setUp
2019-08-11 15:08:635 INFO  CustomTestNGListener:48 - The execution of the main test starts now
2019-08-11 15:08:642 INFO  CustomTestNGListener:89 - About to begin executing following method : SampleTest.createEmployee
2019-08-11 15:08:874 INFO  APIUtility:31 - Post Url: http://dummy.restapiexample.com/api/v1/create
2019-08-11 15:08:875 INFO  APIUtility:32 - Headers: {Accept=text/html,application/xhtml+xml,application/xml;q=0.9,image/webp,image/apng,*/*;q=0.8,application/signed-exchange;v=b3}
2019-08-11 15:08:769 INFO  APIUtility:34 - Response body: {"error":{"text":SQLSTATE[23000]: Integrity constraint violation: 1062 Duplicate entry 'test' for key 'employee_name_unique'}}
2019-08-11 15:08:773 INFO  AssertionHelper:57 - assertEquals success: expected 200, actual 200
2019-08-11 15:08:774 INFO  APIUtility:58 - Expected: name = test
2019-08-11 15:08:964 INFO  CustomTestNGListener:95 - Completed executing following method : SampleTest.createEmployee
2019-08-11 15:08:964 ERROR CustomTestNGListener:43 - On test failure SampleTest.createEmployee()[pri:0, instance:com.project.qa.api.tests.SampleTest@5906ebcb]
2019-08-11 15:08:990 INFO  CustomTestNGListener:33 - Completed executing test automation
2019-08-11 15:08:10 INFO  CustomTestNGListener:23 - About to end executing Suite Default Suite
2019-08-11 15:08:862 INFO  CustomTestNGListener:18 - About to begin executing Suite Default Suite
2019-08-11 15:08:876 INFO  CustomTestNGListener:28 - About to begin executing Test automation
2019-08-11 15:08:146 INFO  CustomTestNGListener:89 - About to begin executing following method : SampleTest.setUp
2019-08-11 15:08:245 INFO  CustomTestNGListener:95 - Completed executing following method : SampleTest.setUp
2019-08-11 15:08:254 INFO  CustomTestNGListener:48 - The execution of the main test starts now
2019-08-11 15:08:261 INFO  CustomTestNGListener:89 - About to begin executing following method : SampleTest.createEmployee
2019-08-11 15:08:485 INFO  APIUtility:31 - Post Url: http://dummy.restapiexample.com/api/v1/create
2019-08-11 15:08:487 INFO  APIUtility:32 - Headers: {Accept=text/html,application/xhtml+xml,application/xml;q=0.9,image/webp,image/apng,*/*;q=0.8,application/signed-exchange;v=b3}
2019-08-11 15:08:166 INFO  APIUtility:34 - Response body: {"error":{"text":SQLSTATE[23000]: Integrity constraint violation: 1062 Duplicate entry 'test' for key 'employee_name_unique'}}
2019-08-11 15:08:169 INFO  AssertionHelper:57 - assertEquals success: expected 200, actual 200
2019-08-11 15:08:170 INFO  APIUtility:58 - Expected: name = test
2019-08-11 15:08:277 INFO  CustomTestNGListener:95 - Completed executing following method : SampleTest.createEmployee
2019-08-11 15:08:278 ERROR CustomTestNGListener:43 - On test failure SampleTest.createEmployee()[pri:0, instance:com.project.qa.api.tests.SampleTest@5906ebcb]
2019-08-11 15:08:301 INFO  CustomTestNGListener:33 - Completed executing test automation
2019-08-11 15:08:326 INFO  CustomTestNGListener:23 - About to end executing Suite Default Suite
